alrimping/build/app/intermediates/manifest_merge_blame_file/debug/manifest-merger-blame-debug-report.txt
1<?xml version="1.0" encoding="utf-8"?>
2<manifest xmlns:android="http://schemas.android.com/apk/res/android"
3    package="com.team4.alrimping"
4    android:versionCode="1"
5    android:versionName="1.0.0" >
6
7    <uses-sdk
8        android:minSdkVersion="21"
9        android:targetSdkVersion="34" />
10    <!--
11         The INTERNET permission is required for development. Specifically,
12         the Flutter tool needs it to communicate with the running application
13         to allow setting breakpoints, to provide hot reload, etc.
14    -->
15    <uses-permission android:name="android.permission.INTERNET" />
15-->src\debug\AndroidManifest.xml:6:5-66
15-->src\debug\AndroidManifest.xml:6:22-64
16    <uses-permission android:name="android.permission.RECORD_AUDIO" />
16-->src\main\AndroidManifest.xml:5:5-71
16-->src\main\AndroidManifest.xml:5:22-68
17    <uses-permission android:name="android.permission.FOREGROUND_SERVICE" />
17-->src\main\AndroidManifest.xml:6:5-77
17-->src\main\AndroidManifest.xml:6:22-74
18    <uses-permission android:name="android.permission.SCHEDULE_EXACT_ALARM" />
18-->src\main\AndroidManifest.xml:7:5-79
18-->src\main\AndroidManifest.xml:7:22-76
19    <uses-permission android:name="android.permission.RECEIVE_BOOT_COMPLETED" />
19-->[:flutter_background_service_android] AndroidManifest.xml:8:5-81
19-->[:flutter_background_service_android] AndroidManifest.xml:8:22-78
20    <uses-permission android:name="android.permission.WAKE_LOCK" />
20-->[:flutter_background_service_android] AndroidManifest.xml:9:5-68
20-->[:flutter_background_service_android] AndroidManifest.xml:9:22-65
21    <uses-permission android:name="android.permission.VIBRATE" />
21-->[:flutter_local_notifications] AndroidManifest.xml:7:5-66
21-->[:flutter_local_notifications] AndroidManifest.xml:7:22-63
22    <uses-permission android:name="android.permission.POST_NOTIFICATIONS" />
22-->[:flutter_local_notifications] AndroidManifest.xml:8:5-77
22-->[:flutter_local_notifications] AndroidManifest.xml:8:22-74
23    <uses-permission android:name="android.permission.BLUETOOTH" />
23-->[com.github.canardoux:flutter_sound_core:9.17.0] AndroidManifest.xml:7:5-68
23-->[com.github.canardoux:flutter_sound_core:9.17.0] AndroidManifest.xml:7:22-65
24    <uses-permission android:name="android.permission.MODIFY_AUDIO_SETTINGS" />
24-->[com.github.canardoux:flutter_sound_core:9.17.0] AndroidManifest.xml:9:5-80
24-->[com.github.canardoux:flutter_sound_core:9.17.0] AndroidManifest.xml:9:22-77
25    <uses-permission android:name="Manifest.permission.CAPTURE_AUDIO_OUTPUT" />
25-->[com.github.canardoux:flutter_sound_core:9.17.0] AndroidManifest.xml:11:5-80
25-->[com.github.canardoux:flutter_sound_core:9.17.0] AndroidManifest.xml:11:22-77
26
27    <queries>
27-->[androidx.media:media:1.4.1] AndroidManifest.xml:24:5-28:15
28        <intent>
28-->[androidx.media:media:1.4.1] AndroidManifest.xml:25:9-27:18
29            <action android:name="android.media.browse.MediaBrowserService" />
29-->[androidx.media:media:1.4.1] AndroidManifest.xml:26:13-79
29-->[androidx.media:media:1.4.1] AndroidManifest.xml:26:21-76
30        </intent>
31    </queries>
32
33    <permission
33-->[androidx.core:core:1.13.1] AndroidManifest.xml:22:5-24:47
34        android:name="com.team4.alrimping.DYNAMIC_RECEIVER_NOT_EXPORTED_PERMISSION"
34-->[androidx.core:core:1.13.1] AndroidManifest.xml:23:9-81
35        android:protectionLevel="signature" />
35-->[androidx.core:core:1.13.1] AndroidManifest.xml:24:9-44
36
37    <uses-permission android:name="com.team4.alrimping.DYNAMIC_RECEIVER_NOT_EXPORTED_PERMISSION" />
37-->[androidx.core:core:1.13.1] AndroidManifest.xml:26:5-97
37-->[androidx.core:core:1.13.1] AndroidManifest.xml:26:22-94
38
39    <application
40        android:name="android.app.Application"
41        android:appComponentFactory="androidx.core.app.CoreComponentFactory"
41-->[androidx.core:core:1.13.1] AndroidManifest.xml:28:18-86
42        android:debuggable="true"
43        android:extractNativeLibs="true"
44        android:icon="@mipmap/ic_launcher"
45        android:label="alrimping" >
46        <activity
47            android:name="com.team4.alrimping.MainActivity"
48            android:configChanges="orientation|keyboardHidden|keyboard|screenSize|smallestScreenSize|locale|layoutDirection|fontScale|screenLayout|density|uiMode"
49            android:exported="true"
50            android:hardwareAccelerated="true"
51            android:launchMode="singleTop"
52            android:taskAffinity=""
53            android:theme="@style/LaunchTheme"
54            android:windowSoftInputMode="adjustResize" >
55            <meta-data
56                android:name="io.flutter.embedding.android.NormalTheme"
57                android:resource="@style/NormalTheme" />
58
59            <intent-filter>
60                <action android:name="android.intent.action.MAIN" />
61
62                <category android:name="android.intent.category.LAUNCHER" />
63            </intent-filter>
64        </activity>
65
66        <meta-data
67            android:name="flutterEmbedding"
68            android:value="2" />
69
70        <service
71            android:name="id.flutter.flutter_background_service.BackgroundService"
72            android:enabled="true"
72-->[:flutter_background_service_android] AndroidManifest.xml:14:13-35
73            android:exported="false"
74            android:foregroundServiceType="microphone"
75            android:stopWithTask="false" />
75-->[:flutter_background_service_android] AndroidManifest.xml:16:13-41
76
77        <receiver
77-->[:flutter_background_service_android] AndroidManifest.xml:18:9-21:39
78            android:name="id.flutter.flutter_background_service.WatchdogReceiver"
78-->[:flutter_background_service_android] AndroidManifest.xml:19:13-82
79            android:enabled="true"
79-->[:flutter_background_service_android] AndroidManifest.xml:20:13-35
80            android:exported="true" />
80-->[:flutter_background_service_android] AndroidManifest.xml:21:13-36
81        <receiver
81-->[:flutter_background_service_android] AndroidManifest.xml:22:9-30:20
82            android:name="id.flutter.flutter_background_service.BootReceiver"
82-->[:flutter_background_service_android] AndroidManifest.xml:23:13-78
83            android:enabled="true"
83-->[:flutter_background_service_android] AndroidManifest.xml:24:13-35
84            android:exported="true" >
84-->[:flutter_background_service_android] AndroidManifest.xml:25:13-36
85            <intent-filter>
85-->[:flutter_background_service_android] AndroidManifest.xml:26:13-29:29
86                <action android:name="android.intent.action.BOOT_COMPLETED" />
86-->[:flutter_background_service_android] AndroidManifest.xml:27:17-79
86-->[:flutter_background_service_android] AndroidManifest.xml:27:25-76
87                <action android:name="android.intent.action.QUICKBOOT_POWERON" />
87-->[:flutter_background_service_android] AndroidManifest.xml:28:17-82
87-->[:flutter_background_service_android] AndroidManifest.xml:28:25-79
88            </intent-filter>
89        </receiver>
90
91        <uses-library
91-->[androidx.window:window:1.2.0] AndroidManifest.xml:23:9-25:40
92            android:name="androidx.window.extensions"
92-->[androidx.window:window:1.2.0] AndroidManifest.xml:24:13-54
93            android:required="false" />
93-->[androidx.window:window:1.2.0] AndroidManifest.xml:25:13-37
94        <uses-library
94-->[androidx.window:window:1.2.0] AndroidManifest.xml:26:9-28:40
95            android:name="androidx.window.sidecar"
95-->[androidx.window:window:1.2.0] AndroidManifest.xml:27:13-51
96            android:required="false" />
96-->[androidx.window:window:1.2.0] AndroidManifest.xml:28:13-37
97
98        <provider
98-->[androidx.lifecycle:lifecycle-process:2.7.0] AndroidManifest.xml:24:9-32:20
99            android:name="androidx.startup.InitializationProvider"
99-->[androidx.lifecycle:lifecycle-process:2.7.0] AndroidManifest.xml:25:13-67
100            android:authorities="com.team4.alrimping.androidx-startup"
100-->[androidx.lifecycle:lifecycle-process:2.7.0] AndroidManifest.xml:26:13-68
101            android:exported="false" >
101-->[androidx.lifecycle:lifecycle-process:2.7.0] AndroidManifest.xml:27:13-37
102            <meta-data
102-->[androidx.lifecycle:lifecycle-process:2.7.0] AndroidManifest.xml:29:13-31:52
103                android:name="androidx.lifecycle.ProcessLifecycleInitializer"
103-->[androidx.lifecycle:lifecycle-process:2.7.0] AndroidManifest.xml:30:17-78
104                android:value="androidx.startup" />
104-->[androidx.lifecycle:lifecycle-process:2.7.0] AndroidManifest.xml:31:17-49
105            <meta-data
105-->[androidx.profileinstaller:profileinstaller:1.3.1] AndroidManifest.xml:29:13-31:52
106                android:name="androidx.profileinstaller.ProfileInstallerInitializer"
106-->[androidx.profileinstaller:profileinstaller:1.3.1] AndroidManifest.xml:30:17-85
107                android:value="androidx.startup" />
107-->[androidx.profileinstaller:profileinstaller:1.3.1] AndroidManifest.xml:31:17-49
108        </provider>
109
110        <receiver
110-->[androidx.profileinstaller:profileinstaller:1.3.1] AndroidManifest.xml:34:9-52:20
111            android:name="androidx.profileinstaller.ProfileInstallReceiver"
111-->[androidx.profileinstaller:profileinstaller:1.3.1] AndroidManifest.xml:35:13-76
112            android:directBootAware="false"
112-->[androidx.profileinstaller:profileinstaller:1.3.1] AndroidManifest.xml:36:13-44
113            android:enabled="true"
113-->[androidx.profileinstaller:profileinstaller:1.3.1] AndroidManifest.xml:37:13-35
114            android:exported="true"
114-->[androidx.profileinstaller:profileinstaller:1.3.1] AndroidManifest.xml:38:13-36
115            android:permission="android.permission.DUMP" >
115-->[androidx.profileinstaller:profileinstaller:1.3.1] AndroidManifest.xml:39:13-57
116            <intent-filter>
116-->[androidx.profileinstaller:profileinstaller:1.3.1] AndroidManifest.xml:40:13-42:29
117                <action android:name="androidx.profileinstaller.action.INSTALL_PROFILE" />
117-->[androidx.profileinstaller:profileinstaller:1.3.1] AndroidManifest.xml:41:17-91
117-->[androidx.profileinstaller:profileinstaller:1.3.1] AndroidManifest.xml:41:25-88
118            </intent-filter>
119            <intent-filter>
119-->[androidx.profileinstaller:profileinstaller:1.3.1] AndroidManifest.xml:43:13-45:29
120                <action android:name="androidx.profileinstaller.action.SKIP_FILE" />
120-->[androidx.profileinstaller:profileinstaller:1.3.1] AndroidManifest.xml:44:17-85
120-->[androidx.profileinstaller:profileinstaller:1.3.1] AndroidManifest.xml:44:25-82
121            </intent-filter>
122            <intent-filter>
122-->[androidx.profileinstaller:profileinstaller:1.3.1] AndroidManifest.xml:46:13-48:29
123                <action android:name="androidx.profileinstaller.action.SAVE_PROFILE" />
123-->[androidx.profileinstaller:profileinstaller:1.3.1] AndroidManifest.xml:47:17-88
123-->[androidx.profileinstaller:profileinstaller:1.3.1] AndroidManifest.xml:47:25-85
124            </intent-filter>
125            <intent-filter>
125-->[androidx.profileinstaller:profileinstaller:1.3.1] AndroidManifest.xml:49:13-51:29
126                <action android:name="androidx.profileinstaller.action.BENCHMARK_OPERATION" />
126-->[androidx.profileinstaller:profileinstaller:1.3.1] AndroidManifest.xml:50:17-95
126-->[androidx.profileinstaller:profileinstaller:1.3.1] AndroidManifest.xml:50:25-92
127            </intent-filter>
128        </receiver>
129    </application>
130
131</manifest>